\BOOKMARK [0][-]{Doc-Start}{ABSTRACT}{}% 1
\BOOKMARK [0][-]{Doc-Start}{\376\377\016\032\016\027\016\004\016\061\016\024\016\042\016\110\016\055}{}% 2
\BOOKMARK [0][-]{Doc-Start}{\376\377\016\001\016\064\016\025\016\025\016\064\016\001\016\043\016\043\016\041\016\033\016\043\016\060\016\001\016\062\016\050}{}% 3
\BOOKMARK [0][-]{Doc-Start}{\376\377\016\052\016\062\016\043\016\032\016\061\016\015}{}% 4
\BOOKMARK [0][-]{Doc-Start}{\376\377\016\052\016\062\016\043\016\032\016\061\016\015\016\025\016\062\016\043\016\062\016\007}{}% 5
\BOOKMARK [0][-]{Doc-Start}{\376\377\016\052\016\062\016\043\016\032\016\061\016\015\016\043\016\071\016\033\016\040\016\062\016\036}{}% 6
\BOOKMARK [0][-]{Doc-Start}{\376\377\016\052\016\062\016\043\016\032\016\061\016\015\016\052\016\061\016\015\016\045\016\061\016\001\016\051\016\023\016\114}{}% 7
\BOOKMARK [0][-]{Doc-Start}{\376\377\016\052\016\062\016\043\016\032\016\061\016\015\016\004\016\063\016\050\016\061\016\036\016\027\016\114\016\027\016\062\016\007\016\100\016\027\016\004\016\031\016\064\016\004\016\101\016\045\016\060\016\004\016\063\016\042\016\110\016\055}{}% 8
\BOOKMARK [0][-]{chapter.1}{\376\377\016\032\016\027\016\027\016\065\016\110\000\040\016\032\016\027\016\031\016\063}{}% 9
\BOOKMARK [1][-]{section.1.1}{\376\377\016\027\016\065\016\110\016\041\016\062\016\101\016\045\016\060\016\004\016\047\016\062\016\041\016\052\016\063\016\004\016\061\016\015}{chapter.1}% 10
\BOOKMARK [1][-]{section.1.2}{\376\377\016\047\016\061\016\025\016\026\016\070\016\033\016\043\016\060\016\052\016\007\016\004\016\114}{chapter.1}% 11
\BOOKMARK [1][-]{section.1.3}{\376\377\016\002\016\055\016\032\016\100\016\002\016\025\016\101\016\045\016\060\016\002\016\111\016\055\016\010\016\063\016\001\016\061\016\024\016\002\016\055\016\007\016\033\016\043\016\064\016\015\016\015\016\062\016\031\016\064\016\036\016\031\016\030\016\114}{chapter.1}% 12
\BOOKMARK [1][-]{section.1.4}{\376\377\016\100\016\031\016\067\016\111\016\055\016\053\016\062\016\027\016\062\016\007\016\047\016\064\016\050\016\047\016\001\016\043\016\043\016\041\016\027\016\065\016\110\016\100\016\033\016\107\016\031\016\025\016\111\016\031\016\011\016\032\016\061\016\032}{chapter.1}% 13
\BOOKMARK [1][-]{section.1.5}{\376\377\016\002\016\061\016\111\016\031\016\025\016\055\016\031\016\001\016\062\016\043\016\027\016\115\016\062\016\007\016\062\016\031\016\101\016\045\016\060\016\043\016\060\016\042\016\060\016\100\016\047\016\045\016\062\016\001\016\062\016\043\016\024\016\115\016\062\016\100\016\031\016\064\016\031\016\007\016\062\016\031}{chapter.1}% 14
\BOOKMARK [2][-]{subsection.1.5.1}{\376\377\016\001\016\063\016\053\016\031\016\024\016\053\016\061\016\047\016\002\016\111\016\055\016\102\016\004\016\043\016\007\016\007\016\062\016\031\016\101\016\045\016\060\016\033\016\043\016\066\016\001\016\051\016\062\016\055\016\062\016\010\016\062\016\043\016\027\016\065\016\110\016\033\016\043\016\066\016\001\016\051\016\062}{section.1.5}% 15
\BOOKMARK [2][-]{subsection.1.5.2}{\376\377\016\043\016\047\016\032\016\043\016\047\016\041\016\002\016\111\016\055\016\041\016\071\016\045\016\027\016\065\016\110\016\100\016\001\016\065\016\110\016\042\016\047\016\002\016\111\016\055\016\007\016\001\016\061\016\032\016\102\016\004\016\043\016\007\016\007\016\062\016\031}{section.1.5}% 16
\BOOKMARK [2][-]{subsection.1.5.3}{\376\377\016\050\016\066\016\001\016\051\016\062\016\100\016\004\016\043\016\067\016\110\016\055\016\007\016\041\016\067\016\055\016\027\016\065\016\110\016\103\016\012\016\111\016\103\016\031\016\001\016\062\016\043\016\027\016\063\016\102\016\004\016\043\016\007\016\007\016\062\016\031}{section.1.5}% 17
\BOOKMARK [2][-]{subsection.1.5.4}{\376\377\016\050\016\066\016\001\016\051\016\062\016\004\016\111\016\031\016\004\016\047\016\111\016\062\016\101\016\045\016\060\016\100\016\001\016\107\016\032\016\043\016\047\016\032\016\043\016\047\016\041\016\002\016\111\016\055\016\041\016\071\016\045\016\027\016\065\016\110\016\103\016\012\016\111\016\103\016\031\016\001\016\062\016\043\016\027\016\063\016\102\016\004\016\043\016\007\016\001\016\062\016\043}{section.1.5}% 18
\BOOKMARK [2][-]{subsection.1.5.5}{\376\377\016\010\016\061\016\024\016\027\016\063\016\002\016\111\016\055\016\100\016\052\016\031\016\055\016\102\016\004\016\043\016\007\016\001\016\062\016\043}{section.1.5}% 19
\BOOKMARK [2][-]{subsection.1.5.6}{\376\377\016\010\016\061\016\024\016\027\016\063\016\043\016\071\016\033\016\100\016\045\016\110\016\041\016\033\016\043\016\064\016\015\016\015\016\062\016\031\016\064\016\036\016\031\016\030\016\114\016\033\016\043\016\060\016\010\016\063\016\040\016\062\016\004\016\001\016\062\016\043\016\050\016\066\016\001\016\051\016\062\016\027\016\065\016\110\000\040\0001\000/\0002\0005\0006\0005}{section.1.5}% 20
\BOOKMARK [2][-]{subsection.1.5.7}{\376\377\016\055\016\055\016\001\016\101\016\032\016\032\000\040\016\102\016\004\016\043\016\007\016\052\016\043\016\111\016\062\016\007\000\040\000U\000X\000/\000U\000I\000\040\016\101\016\045\016\060\016\020\016\062\016\031\016\002\016\111\016\055\016\041\016\071\016\045}{section.1.5}% 21
\BOOKMARK [3][-]{subsubsection.1.5.7.1}{\376\377\016\055\016\055\016\001\016\101\016\032\016\032\000\040\016\101\016\045\016\060\016\010\016\061\016\024\016\047\016\062\016\007\000\040\000f\000l\000o\000w\000\040\016\002\016\055\016\007\016\043\016\060\016\032\016\032}{subsection.1.5.7}% 22
\BOOKMARK [3][-]{subsubsection.1.5.7.2}{\376\377\016\055\016\055\016\001\016\101\016\032\016\032\000\040\000U\000X\000/\000U\000I\000\040\016\002\016\055\016\007\016\100\016\047\016\107\016\032\016\101\016\055\016\033\016\036\016\045\016\064\016\100\016\004\016\012\016\061\016\031}{subsection.1.5.7}% 23
\BOOKMARK [2][-]{subsection.1.5.8}{\376\377\016\027\016\024\016\052\016\055\016\032\016\100\016\027\016\004\016\102\016\031\016\102\016\045\016\042\016\065\000\040\016\101\016\045\016\060\016\027\016\044\016\051\016\016\016\065\016\027\016\065\016\110\016\031\016\063\016\041\016\062\016\103\016\012\016\111\000\040\016\001\016\062\016\043\016\036\016\061\016\022\016\031\016\062\000\040\000W\000e\000b\000\040\000A\000p\000p\000l\000i\000c\000a\000t\000i\000o\000n}{section.1.5}% 24
\BOOKMARK [2][-]{subsection.1.5.9}{\376\377\016\036\016\061\016\022\016\031\016\062\016\100\016\047\016\107\016\032\016\101\016\055\016\033\016\036\016\045\016\064\016\100\016\004\016\012\016\061\016\031}{section.1.5}% 25
\BOOKMARK [3][-]{subsubsection.1.5.9.1}{\376\377\016\050\016\066\016\001\016\051\016\062\016\101\016\045\016\060\016\036\016\061\016\022\016\031\016\062\000\040\000F\000r\000o\000n\000t\000e\000n\000d\000\040\016\024\016\111\016\047\016\042\000\040\000N\000e\000x\000t\000J\000S\000\040\000\050\000J\000a\000v\000a\000s\000c\000r\000i\000p\000t\000\051}{subsection.1.5.9}% 26
\BOOKMARK [3][-]{subsubsection.1.5.9.2}{\376\377\016\050\016\066\016\001\016\051\016\062\016\101\016\045\016\060\016\036\016\061\016\022\016\031\016\062\000\040\000B\000a\000c\000k\000e\000n\000d\000\040\016\024\016\111\016\047\016\042\016\040\016\062\016\051\016\062\000\040\000G\000o}{subsection.1.5.9}% 27
\BOOKMARK [3][-]{subsubsection.1.5.9.3}{\376\377\016\050\016\066\016\001\016\051\016\062\016\101\016\045\016\060\016\036\016\061\016\022\016\031\016\062\016\020\016\062\016\031\016\002\016\111\016\055\016\041\016\071\016\045\016\024\016\111\016\047\016\042\000\040\000P\000o\000s\000t\000g\000r\000e\000S\000Q\000L\000,\000\040\000E\000l\000a\000s\000t\000i\000c\000s\000e\000a\000r\000c\000h}{subsection.1.5.9}% 28
\BOOKMARK [2][-]{subsection.1.5.10}{\376\377\016\031\016\063\016\100\016\052\016\031\016\055\016\033\016\043\016\064\016\015\016\015\016\062\016\031\016\064\016\036\016\031\016\030\016\114\016\033\016\043\016\060\016\010\016\063\016\040\016\062\016\004\016\001\016\062\016\043\016\050\016\066\016\001\016\051\016\062\016\027\016\065\016\110\000\040\0001\000/\0002\0005\0006\0005}{section.1.5}% 29
\BOOKMARK [2][-]{subsection.1.5.11}{\376\377\016\036\016\061\016\022\016\031\016\062\016\100\016\047\016\107\016\032\016\101\016\055\016\033\016\036\016\045\016\064\016\100\016\004\016\012\016\061\016\031\000\040\000\050\016\025\016\110\016\055\016\010\016\062\016\001\016\040\016\062\016\004\016\100\016\043\016\065\016\042\016\031\016\027\016\065\016\110\000\040\0001\000\051}{section.1.5}% 30
\BOOKMARK [2][-]{subsection.1.5.12}{\376\377\016\027\016\024\016\052\016\055\016\032\016\100\016\047\016\107\016\032\016\101\016\055\016\033\016\036\016\045\016\064\016\100\016\004\016\012\016\061\016\031\000\040\000\050\016\025\016\110\016\055\016\010\016\062\016\001\016\040\016\062\016\004\016\100\016\043\016\065\016\042\016\031\016\027\016\065\016\110\000\040\0001\000\051}{section.1.5}% 31
\BOOKMARK [2][-]{subsection.1.5.13}{\376\377\016\033\016\043\016\061\016\032\016\033\016\043\016\070\016\007\016\101\016\045\016\060\016\101\016\001\016\111\016\104\016\002\016\100\016\047\016\107\016\032\016\101\016\055\016\033\016\036\016\045\016\064\016\100\016\004\016\012\016\061\016\031}{section.1.5}% 32
\BOOKMARK [2][-]{subsection.1.5.14}{\376\377\016\027\016\024\016\052\016\055\016\032\016\001\016\062\016\043\016\103\016\012\016\111\016\007\016\062\016\031\016\010\016\043\016\064\016\007}{section.1.5}% 33
\BOOKMARK [2][-]{subsection.1.5.15}{\376\377\016\010\016\061\016\024\016\027\016\063\016\043\016\071\016\033\016\100\016\045\016\110\016\041\016\033\016\043\016\064\016\015\016\015\016\062\016\031\016\064\016\036\016\031\016\030\016\114\016\033\016\043\016\060\016\010\016\063\016\040\016\062\016\004\016\001\016\062\016\043\016\050\016\066\016\001\016\051\016\062\016\027\016\065\016\110\000\040\0002\000/\0002\0005\0006\0005}{section.1.5}% 34
\BOOKMARK [2][-]{subsection.1.5.16}{\376\377\016\031\016\063\016\100\016\052\016\031\016\055\016\033\016\043\016\064\016\015\016\015\016\062\016\031\016\064\016\036\016\031\016\030\016\114\016\033\016\043\016\060\016\010\016\063\016\040\016\062\016\004\016\001\016\062\016\043\016\050\016\066\016\001\016\051\016\062\016\027\016\065\016\110\000\040\0002\000/\0002\0005\0006\0005}{section.1.5}% 35
\BOOKMARK [1][-]{section.1.6}{\376\377\016\034\016\045\016\001\016\062\016\043\016\024\016\063\016\100\016\031\016\064\016\031\016\007\016\062\016\031}{chapter.1}% 36
\BOOKMARK [0][-]{chapter.2}{\376\377\016\032\016\027\016\027\016\065\016\110\000\040\016\027\016\044\016\051\016\016\016\065\016\004\016\047\016\062\016\041\016\043\016\071\016\111\016\101\016\045\016\060\016\007\016\062\016\031\016\027\016\065\016\110\016\100\016\001\016\065\016\110\016\042\016\047\016\002\016\111\016\055\016\007}{}% 37
\BOOKMARK [1][-]{section.2.1}{\376\377\016\027\016\044\016\051\016\016\016\065\016\027\016\065\016\110\016\100\016\001\016\065\016\110\016\042\016\047\016\002\016\111\016\055\016\007}{chapter.2}% 38
\BOOKMARK [2][-]{subsection.2.1.1}{\376\377\016\047\016\064\016\030\016\065\016\001\016\062\016\043\016\024\016\063\016\100\016\031\016\064\016\031\016\004\016\024\016\065\016\002\016\055\016\007\016\027\016\031\016\062\016\042\016\004\016\047\016\062\016\041}{section.2.1}% 39
\BOOKMARK [2][-]{subsection.2.1.2}{Kanban\040software\040developments}{section.2.1}% 40
\BOOKMARK [2][-]{subsection.2.1.3}{Database\040System}{section.2.1}% 41
\BOOKMARK [2][-]{subsection.2.1.4}{RESTful\040API}{section.2.1}% 42
\BOOKMARK [2][-]{subsection.2.1.5}{Data\040visualization}{section.2.1}% 43
\BOOKMARK [2][-]{subsection.2.1.6}{Optical\040Character\040Recognition}{section.2.1}% 44
\BOOKMARK [1][-]{section.2.2}{\376\377\016\007\016\062\016\031\016\047\016\064\016\010\016\061\016\042\016\027\016\065\016\110\016\100\016\001\016\065\016\110\016\042\016\047\016\002\016\111\016\055\016\007\016\101\016\045\016\060\016\034\016\045\016\064\016\025\016\040\016\061\016\023\016\021\016\114\016\103\016\001\016\045\016\111\016\100\016\004\016\065\016\042\016\007}{chapter.2}% 45
\BOOKMARK [2][-]{subsection.2.2.1}{Avokaado\040application}{section.2.2}% 46
\BOOKMARK [2][-]{subsection.2.2.2}{ContractSafe\040application}{section.2.2}% 47
\BOOKMARK [2][-]{subsection.2.2.3}{Laserfiche\040application}{section.2.2}% 48
\BOOKMARK [2][-]{subsection.2.2.4}{Amagno\040application}{section.2.2}% 49
\BOOKMARK [1][-]{section.2.3}{\376\377\016\100\016\027\016\004\016\031\016\064\016\004\016\101\016\045\016\060\016\100\016\027\016\004\016\102\016\031\016\102\016\045\016\042\016\065\016\027\016\065\016\110\016\103\016\012\016\111}{chapter.2}% 50
\BOOKMARK [2][-]{subsection.2.3.1}{Frontend\040framework}{section.2.3}% 51
\BOOKMARK [2][-]{subsection.2.3.2}{Backend\040framework}{section.2.3}% 52
\BOOKMARK [2][-]{subsection.2.3.3}{Database}{section.2.3}% 53
\BOOKMARK [2][-]{subsection.2.3.4}{Version\040control}{section.2.3}% 54
\BOOKMARK [2][-]{subsection.2.3.5}{Cloud}{section.2.3}% 55
\BOOKMARK [2][-]{subsection.2.3.6}{Planning\040&\040Discuss\040tools}{section.2.3}% 56
\BOOKMARK [0][-]{chapter.3}{\376\377\016\032\016\027\016\027\016\065\016\110\000\040\016\047\016\064\016\030\016\065\016\001\016\062\016\043\016\024\016\063\016\100\016\031\016\064\016\031\016\007\016\062\016\031\000\040\016\001\016\043\016\060\016\032\016\047\016\031\016\001\016\062\016\043\016\101\016\045\016\060\016\001\016\062\016\043\016\055\016\055\016\001\016\101\016\032\016\032}{}% 57
\BOOKMARK [1][-]{section.3.1}{\376\377\016\052\016\026\016\062\016\033\016\061\016\025\016\042\016\001\016\043\016\043\016\041\016\043\016\060\016\032\016\032}{chapter.3}% 58
\BOOKMARK [1][-]{section.3.2}{\376\377\016\002\016\111\016\055\016\001\016\063\016\053\016\031\016\024\016\101\016\045\016\060\016\004\016\047\016\062\016\041\016\025\016\111\016\055\016\007\016\001\016\062\016\043\016\002\016\055\016\007\016\043\016\060\016\032\016\032}{chapter.3}% 59
\BOOKMARK [1][-]{section.3.3}{Database\040Design}{chapter.3}% 60
\BOOKMARK [1][-]{section.3.4}{UML\040Design}{chapter.3}% 61
\BOOKMARK [1][-]{section.3.5}{GUI\040Design}{chapter.3}% 62
\BOOKMARK [1][-]{section.3.6}{\376\377\016\001\016\062\016\043\016\055\016\055\016\001\016\101\016\032\016\032\016\001\016\062\016\043\016\027\016\024\016\045\016\055\016\007}{chapter.3}% 63
\BOOKMARK [2][-]{subsection.3.6.1}{\376\377\016\025\016\061\016\047\016\012\016\065\016\111\016\047\016\061\016\024\016\101\016\045\016\060\016\033\016\061\016\010\016\010\016\061\016\042\016\027\016\065\016\110\016\050\016\066\016\001\016\051\016\062}{section.3.6}% 64
\BOOKMARK [2][-]{subsection.3.6.2}{\376\377\016\043\016\071\016\033\016\101\016\032\016\032\016\001\016\062\016\043\016\100\016\001\016\107\016\032\016\002\016\111\016\055\016\041\016\071\016\045}{section.3.6}% 65
\BOOKMARK [0][-]{chapter.4}{\376\377\016\032\016\027\016\027\016\065\016\110\000\040\016\034\016\045\016\001\016\062\016\043\016\024\016\063\016\100\016\031\016\064\016\031\016\007\016\062\016\031}{}% 66
\BOOKMARK [1][-]{section.4.1}{\376\377\016\033\016\043\016\060\016\052\016\064\016\027\016\072\016\030\016\064\016\040\016\062\016\036\016\001\016\062\016\043\016\027\016\063\016\007\016\062\016\031\016\002\016\055\016\007\016\043\016\060\016\032\016\032}{chapter.4}% 67
\BOOKMARK [1][-]{section.4.2}{\376\377\016\004\016\047\016\062\016\041\016\036\016\066\016\007\016\036\016\055\016\103\016\010\016\001\016\062\016\043\016\103\016\012\016\111\016\007\016\062\016\031}{chapter.4}% 68
\BOOKMARK [1][-]{section.4.3}{\376\377\016\001\016\062\016\043\016\047\016\064\016\100\016\004\016\043\016\062\016\060\016\053\016\114\016\002\016\111\016\055\016\041\016\071\016\045\016\101\016\045\016\060\016\034\016\045\016\001\016\062\016\043\016\027\016\024\016\045\016\055\016\007}{chapter.4}% 69
\BOOKMARK [0][-]{chapter.5}{\376\377\016\032\016\027\016\027\016\065\016\110\000\040\016\032\016\027\016\052\016\043\016\070\016\033}{}% 70
\BOOKMARK [1][-]{section.5.1}{\376\377\016\052\016\043\016\070\016\033\016\034\016\045\016\102\016\004\016\043\016\007\016\007\016\062\016\031}{chapter.5}% 71
\BOOKMARK [1][-]{section.5.2}{\376\377\016\033\016\061\016\015\016\053\016\062\016\027\016\065\016\110\016\036\016\032\016\101\016\045\016\060\016\001\016\062\016\043\016\101\016\001\016\111\016\104\016\002}{chapter.5}% 72
\BOOKMARK [1][-]{section.5.3}{\376\377\016\002\016\111\016\055\016\010\016\063\016\001\016\061\016\024\016\101\016\045\016\060\016\002\016\111\016\055\016\100\016\052\016\031\016\055\016\101\016\031\016\060}{chapter.5}% 73
\BOOKMARK [0][-]{section.5.3}{Appendix}{}% 74
\BOOKMARK [0][-]{section.5.3}{\376\377\000A\000\040\016\012\016\067\016\110\016\055\016\040\016\062\016\004\016\034\016\031\016\047\016\001\016\027\016\065\016\110\000\040\0001}{}% 75
